<?xml version="1.0" encoding="UTF-8"?>
<!-- Generated by org.testng.reporters.JUnitReportReporter -->
<testsuite hostname="lap-hyd-0x81095" failures="0" tests="21" name="testRunners.TestNgTestRunner" time="526.260" errors="0" timestamp="2022-06-08T18:21:03 IST" skipped="1">
  <testcase classname="testRunners.TestNgTestRunner" name="runScenario" time="48.111"/>
  <system-out/>
  <testcase classname="testRunners.TestNgTestRunner" name="runScenario" time="40.920"/>
  <system-out/>
  <testcase classname="testRunners.TestNgTestRunner" name="runScenario" time="11.504"/>
  <system-out/>
  <testcase classname="testRunners.TestNgTestRunner" name="runScenario" time="16.051"/>
  <system-out/>
  <testcase classname="testRunners.TestNgTestRunner" name="runScenario" time="2.717"/>
  <system-out/>
  <testcase classname="testRunners.TestNgTestRunner" name="runScenario" time="2.553"/>
  <system-out/>
  <testcase classname="testRunners.TestNgTestRunner" name="runScenario" time="16.544"/>
  <system-out/>
  <testcase classname="testRunners.TestNgTestRunner" name="runScenario" time="15.017"/>
  <system-out/>
  <testcase classname="testRunners.TestNgTestRunner" name="runScenario" time="27.314"/>
  <system-out/>
  <testcase classname="testRunners.TestNgTestRunner" name="runScenario" time="102.443"/>
  <system-out/>
  <testcase classname="testRunners.TestNgTestRunner" name="runScenario" time="29.788"/>
  <system-out/>
  <testcase classname="testRunners.TestNgTestRunner" name="runScenario" time="43.469"/>
  <system-out/>
  <testcase classname="testRunners.TestNgTestRunner" name="runScenario" time="38.311"/>
  <system-out/>
  <testcase classname="testRunners.TestNgTestRunner" name="runScenario" time="39.634"/>
  <system-out/>
  <testcase classname="testRunners.TestNgTestRunner" name="runScenario" time="2.758"/>
  <system-out/>
  <testcase classname="testRunners.TestNgTestRunner" name="runScenario" time="15.344"/>
  <system-out/>
  <testcase classname="testRunners.TestNgTestRunner" name="runScenario" time="18.973"/>
  <system-out/>
  <testcase classname="testRunners.TestNgTestRunner" name="runScenario" time="2.796"/>
  <system-out/>
  <testcase classname="testRunners.TestNgTestRunner" name="runScenario" time="2.553">
    <skipped/>
  </testcase> <!-- runScenario -->
  <system-out/>
  <testcase classname="testRunners.TestNgTestRunner" name="runScenario" time="38.837"/>
  <system-out/>
  <testcase classname="testRunners.TestNgTestRunner" name="runScenario" time="10.623"/>
  <system-out/>
</testsuite> <!-- testRunners.TestNgTestRunner -->
