<?xml version="1.0" encoding="UTF-8"?>
<!-- Generated by org.testng.reporters.JUnitReportReporter -->
<testsuite hostname="lap-hyd-0x81095" failures="0" tests="6" name="testRunners.TestNgTestRunner" time="167.185" errors="0" timestamp="2022-03-15T20:20:29 IST" skipped="0">
  <testcase classname="testRunners.TestNgTestRunner" name="runScenario" time="61.462"/>
  <system-out/>
  <testcase classname="testRunners.TestNgTestRunner" name="runScenario" time="14.961"/>
  <system-out/>
  <testcase classname="testRunners.TestNgTestRunner" name="runScenario" time="36.754"/>
  <system-out/>
  <testcase classname="testRunners.TestNgTestRunner" name="runScenario" time="13.616"/>
  <system-out/>
  <testcase classname="testRunners.TestNgTestRunner" name="runScenario" time="18.621"/>
  <system-out/>
  <testcase classname="testRunners.TestNgTestRunner" name="runScenario" time="21.771"/>
  <system-out/>
</testsuite> <!-- testRunners.TestNgTestRunner -->
