<?xml version="1.0" encoding="UTF-8"?>
<!-- Generated by org.testng.reporters.JUnitReportReporter -->
<testsuite hostname="lap-hyd-0x81095" failures="0" tests="3" name="testRunners.MyTestRunner" time="0.084" errors="0" timestamp="2022-02-03T23:30:54 IST" skipped="0">
  <testcase classname="testRunners.MyTestRunner" name="runScenario" time="0.008"/>
  <system-out/>
  <testcase classname="testRunners.MyTestRunner" name="runScenario" time="0.005"/>
  <system-out/>
  <testcase classname="testRunners.MyTestRunner" name="runScenario" time="0.071"/>
  <system-out/>
</testsuite> <!-- testRunners.MyTestRunner -->
