<?xml version="1.0" encoding="UTF-8"?>
<!-- Generated by org.testng.reporters.JUnitReportReporter -->
<testsuite hostname="lap-hyd-0x81095" failures="0" tests="2" name="testRunners.TestNgTestRunner" time="52.140" errors="0" timestamp="2022-03-01T17:15:59 IST" skipped="0">
  <testcase classname="testRunners.TestNgTestRunner" name="runScenario" time="26.588"/>
  <system-out/>
  <testcase classname="testRunners.TestNgTestRunner" name="runScenario" time="25.552"/>
  <system-out/>
</testsuite> <!-- testRunners.TestNgTestRunner -->
