<?xml version="1.0" encoding="UTF-8"?>
<!-- Generated by org.testng.reporters.JUnitReportReporter -->
<testsuite hostname="lap-hyd-0x81095" failures="0" tests="21" name="testRunners.TestNgTestRunner" time="612.705" errors="0" timestamp="2022-03-14T14:43:19 IST" skipped="1">
  <testcase classname="testRunners.TestNgTestRunner" name="runScenario" time="3.305">
    <skipped/>
  </testcase> <!-- runScenario -->
  <system-out/>
  <testcase classname="testRunners.TestNgTestRunner" name="runScenario" time="3.221"/>
  <system-out/>
  <testcase classname="testRunners.TestNgTestRunner" name="runScenario" time="33.619"/>
  <system-out/>
  <testcase classname="testRunners.TestNgTestRunner" name="runScenario" time="2.819"/>
  <system-out/>
  <testcase classname="testRunners.TestNgTestRunner" name="runScenario" time="3.413"/>
  <system-out/>
  <testcase classname="testRunners.TestNgTestRunner" name="runScenario" time="37.967"/>
  <system-out/>
  <testcase classname="testRunners.TestNgTestRunner" name="runScenario" time="25.709"/>
  <system-out/>
  <testcase classname="testRunners.TestNgTestRunner" name="runScenario" time="52.397"/>
  <system-out/>
  <testcase classname="testRunners.TestNgTestRunner" name="runScenario" time="48.212"/>
  <system-out/>
  <testcase classname="testRunners.TestNgTestRunner" name="runScenario" time="2.566"/>
  <system-out/>
  <testcase classname="testRunners.TestNgTestRunner" name="runScenario" time="22.245"/>
  <system-out/>
  <testcase classname="testRunners.TestNgTestRunner" name="runScenario" time="98.058"/>
  <system-out/>
  <testcase classname="testRunners.TestNgTestRunner" name="runScenario" time="60.973"/>
  <system-out/>
  <testcase classname="testRunners.TestNgTestRunner" name="runScenario" time="20.120"/>
  <system-out/>
  <testcase classname="testRunners.TestNgTestRunner" name="runScenario" time="38.178"/>
  <system-out/>
  <testcase classname="testRunners.TestNgTestRunner" name="runScenario" time="19.110"/>
  <system-out/>
  <testcase classname="testRunners.TestNgTestRunner" name="runScenario" time="36.275"/>
  <system-out/>
  <testcase classname="testRunners.TestNgTestRunner" name="runScenario" time="18.247"/>
  <system-out/>
  <testcase classname="testRunners.TestNgTestRunner" name="runScenario" time="22.577"/>
  <system-out/>
  <testcase classname="testRunners.TestNgTestRunner" name="runScenario" time="32.644"/>
  <system-out/>
  <testcase classname="testRunners.TestNgTestRunner" name="runScenario" time="31.050"/>
  <system-out/>
</testsuite> <!-- testRunners.TestNgTestRunner -->
