<?xml version="1.0" encoding="UTF-8"?>
<!-- Generated by org.testng.reporters.JUnitReportReporter -->
<testsuite skipped="0" hostname="lap-hyd-0x81095" name="testRunners.TestNgTestRunner" tests="3" failures="0" timestamp="02 Mar 2022 09:16:23 GMT" time="166.089" errors="0">
  <testcase name="runScenario" time="51.344" classname="testRunners.TestNgTestRunner"/>
  <testcase name="runScenario" time="73.942" classname="testRunners.TestNgTestRunner"/>
  <testcase name="runScenario" time="40.803" classname="testRunners.TestNgTestRunner"/>
</testsuite> <!-- testRunners.TestNgTestRunner -->
