<?xml version="1.0" encoding="UTF-8"?>
<!-- Generated by org.testng.reporters.JUnitReportReporter -->
<testsuite skipped="1" hostname="lap-hyd-0x81095" name="testRunners.TestNgTestRunner" tests="17" failures="0" timestamp="04 Mar 2022 10:36:08 GMT" time="522.520" errors="0">
  <testcase name="runScenario" time="26.128" classname="testRunners.TestNgTestRunner"/>
  <testcase name="runScenario" time="67.046" classname="testRunners.TestNgTestRunner"/>
  <testcase name="runScenario" time="23.310" classname="testRunners.TestNgTestRunner"/>
  <testcase name="runScenario" time="32.894" classname="testRunners.TestNgTestRunner"/>
  <testcase name="runScenario" time="58.717" classname="testRunners.TestNgTestRunner"/>
  <testcase name="runScenario" time="30.049" classname="testRunners.TestNgTestRunner"/>
  <testcase name="runScenario" time="23.691" classname="testRunners.TestNgTestRunner"/>
  <testcase name="runScenario" time="34.832" classname="testRunners.TestNgTestRunner"/>
  <testcase name="runScenario" time="71.022" classname="testRunners.TestNgTestRunner"/>
  <testcase name="runScenario" time="14.827" classname="testRunners.TestNgTestRunner">
    <skipped/>
  </testcase> <!-- runScenario -->
  <testcase name="runScenario" time="12.593" classname="testRunners.TestNgTestRunner"/>
  <testcase name="runScenario" time="17.171" classname="testRunners.TestNgTestRunner"/>
  <testcase name="runScenario" time="12.666" classname="testRunners.TestNgTestRunner"/>
  <testcase name="runScenario" time="30.318" classname="testRunners.TestNgTestRunner"/>
  <testcase name="runScenario" time="25.401" classname="testRunners.TestNgTestRunner"/>
  <testcase name="runScenario" time="20.084" classname="testRunners.TestNgTestRunner"/>
  <testcase name="runScenario" time="21.771" classname="testRunners.TestNgTestRunner"/>
</testsuite> <!-- testRunners.TestNgTestRunner -->
