<?xml version="1.0" encoding="UTF-8"?>
<!-- Generated by org.testng.reporters.JUnitReportReporter -->
<testsuite skipped="1" hostname="lap-hyd-0x81095" name="testRunners.TestNgTestRunner" tests="21" failures="0" timestamp="16 Mar 2022 07:09:03 GMT" time="897.900" errors="0">
  <testcase name="runScenario" time="11.663" classname="testRunners.TestNgTestRunner">
    <skipped/>
  </testcase> <!-- runScenario -->
  <testcase name="runScenario" time="63.449" classname="testRunners.TestNgTestRunner"/>
  <testcase name="runScenario" time="14.824" classname="testRunners.TestNgTestRunner"/>
  <testcase name="runScenario" time="70.773" classname="testRunners.TestNgTestRunner"/>
  <testcase name="runScenario" time="39.595" classname="testRunners.TestNgTestRunner"/>
  <testcase name="runScenario" time="94.110" classname="testRunners.TestNgTestRunner"/>
  <testcase name="runScenario" time="67.587" classname="testRunners.TestNgTestRunner"/>
  <testcase name="runScenario" time="66.712" classname="testRunners.TestNgTestRunner"/>
  <testcase name="runScenario" time="13.379" classname="testRunners.TestNgTestRunner"/>
  <testcase name="runScenario" time="67.020" classname="testRunners.TestNgTestRunner"/>
  <testcase name="runScenario" time="41.723" classname="testRunners.TestNgTestRunner"/>
  <testcase name="runScenario" time="64.173" classname="testRunners.TestNgTestRunner"/>
  <testcase name="runScenario" time="16.941" classname="testRunners.TestNgTestRunner"/>
  <testcase name="runScenario" time="31.706" classname="testRunners.TestNgTestRunner"/>
  <testcase name="runScenario" time="43.481" classname="testRunners.TestNgTestRunner"/>
  <testcase name="runScenario" time="12.675" classname="testRunners.TestNgTestRunner"/>
  <testcase name="runScenario" time="9.864" classname="testRunners.TestNgTestRunner"/>
  <testcase name="runScenario" time="32.956" classname="testRunners.TestNgTestRunner"/>
  <testcase name="runScenario" time="27.754" classname="testRunners.TestNgTestRunner"/>
  <testcase name="runScenario" time="41.294" classname="testRunners.TestNgTestRunner"/>
  <testcase name="runScenario" time="66.221" classname="testRunners.TestNgTestRunner"/>
</testsuite> <!-- testRunners.TestNgTestRunner -->
